2022-mar-31 00:12:14 [Test] COMPLETED : Action 'startWebApp' executed successfully with parameters :
'Feature : 'carritoDeCompras' , Url : 'http://automationpractice.com/index.php''.
		Evidence saved at: C:\sofka\framework\SofkaFrameworkWebTests\src\main\resources\evidence\carritoDeCompras_2022-03-31T00-11\carritoDeCompras\comprarUnArticulo . Image name: comprarUnArticulo-0.png
2022-mar-31 00:12:21 [Test] COMPLETED : Action 'click' executed successfully with parameters :
'Web Element located by : 'No information' , Timeout : '2''.
		Evidence saved at: C:\sofka\framework\SofkaFrameworkWebTests\src\main\resources\evidence\carritoDeCompras_2022-03-31T00-11\carritoDeCompras\comprarUnArticulo . Image name: comprarUnArticulo-1.png
2022-mar-31 00:12:22 [Test] COMPLETED : Action 'sendText' executed successfully with parameters :
'Web Element located by : 'No information' , Text : 'EileenJaskolski@sofmail.com' , Timeout : '2''.
		Evidence saved at: C:\sofka\framework\SofkaFrameworkWebTests\src\main\resources\evidence\carritoDeCompras_2022-03-31T00-11\carritoDeCompras\comprarUnArticulo . Image name: comprarUnArticulo-2.png
2022-mar-31 00:12:23 [Test] COMPLETED : Action 'click' executed successfully with parameters :
'Web Element located by : 'No information' , Timeout : '2''.
		Evidence saved at: C:\sofka\framework\SofkaFrameworkWebTests\src\main\resources\evidence\carritoDeCompras_2022-03-31T00-11\carritoDeCompras\comprarUnArticulo . Image name: comprarUnArticulo-3.png
2022-mar-31 00:12:28 [Test] COMPLETED : Action 'click' executed successfully with parameters :
'Web Element located by : 'id: uniform-id_gender1' , Timeout : '10''.
		Evidence saved at: C:\sofka\framework\SofkaFrameworkWebTests\src\main\resources\evidence\carritoDeCompras_2022-03-31T00-11\carritoDeCompras\comprarUnArticulo . Image name: comprarUnArticulo-4.png
2022-mar-31 00:12:28 [Test] COMPLETED : Action 'sendText' executed successfully with parameters :
'Web Element located by : 'No information' , Text : 'Eileen' , Timeout : '5''.
		Evidence saved at: C:\sofka\framework\SofkaFrameworkWebTests\src\main\resources\evidence\carritoDeCompras_2022-03-31T00-11\carritoDeCompras\comprarUnArticulo . Image name: comprarUnArticulo-5.png
2022-mar-31 00:12:29 [Test] COMPLETED : Action 'sendText' executed successfully with parameters :
'Web Element located by : 'No information' , Text : 'Jaskolski' , Timeout : '5''.
		Evidence saved at: C:\sofka\framework\SofkaFrameworkWebTests\src\main\resources\evidence\carritoDeCompras_2022-03-31T00-11\carritoDeCompras\comprarUnArticulo . Image name: comprarUnArticulo-6.png
2022-mar-31 00:12:29 [Test] COMPLETED : Action 'sendText' executed successfully with parameters :
'Web Element located by : 'No information' , Text : '43134816' , Timeout : '5''.
		Evidence saved at: C:\sofka\framework\SofkaFrameworkWebTests\src\main\resources\evidence\carritoDeCompras_2022-03-31T00-11\carritoDeCompras\comprarUnArticulo . Image name: comprarUnArticulo-7.png
2022-mar-31 00:12:30 [Test] COMPLETED : Action 'selectByPartialText' executed successfully with parameters :
'Web Element located by : 'No information' , Option Partial Text : '6' , Timeout : '5''.
		Evidence saved at: C:\sofka\framework\SofkaFrameworkWebTests\src\main\resources\evidence\carritoDeCompras_2022-03-31T00-11\carritoDeCompras\comprarUnArticulo . Image name: comprarUnArticulo-8.png
2022-mar-31 00:12:31 [Test] COMPLETED : Action 'selectByValue' executed successfully with parameters :
'Web Element located by : 'No information' , Option Value : '9' , Timeout : '5''.
		Evidence saved at: C:\sofka\framework\SofkaFrameworkWebTests\src\main\resources\evidence\carritoDeCompras_2022-03-31T00-11\carritoDeCompras\comprarUnArticulo . Image name: comprarUnArticulo-9.png
2022-mar-31 00:12:32 [Test] COMPLETED : Action 'selectByPartialText' executed successfully with parameters :
'Web Element located by : 'No information' , Option Partial Text : '1998' , Timeout : '5''.
		Evidence saved at: C:\sofka\framework\SofkaFrameworkWebTests\src\main\resources\evidence\carritoDeCompras_2022-03-31T00-11\carritoDeCompras\comprarUnArticulo . Image name: comprarUnArticulo-10.png
2022-mar-31 00:12:33 [Test] COMPLETED : Action 'sendText' executed successfully with parameters :
'Web Element located by : 'No information' , Text : 'Apt. 593 187 Marietta Bridge, Jakefort, OK 03222' , Timeout : '5''.
		Evidence saved at: C:\sofka\framework\SofkaFrameworkWebTests\src\main\resources\evidence\carritoDeCompras_2022-03-31T00-11\carritoDeCompras\comprarUnArticulo . Image name: comprarUnArticulo-11.png
2022-mar-31 00:12:33 [Test] COMPLETED : Action 'sendText' executed successfully with parameters :
'Web Element located by : 'No information' , Text : 'New Mathew' , Timeout : '5''.
		Evidence saved at: C:\sofka\framework\SofkaFrameworkWebTests\src\main\resources\evidence\carritoDeCompras_2022-03-31T00-11\carritoDeCompras\comprarUnArticulo . Image name: comprarUnArticulo-12.png
2022-mar-31 00:12:34 [Test] COMPLETED : Action 'selectByText' executed successfully with parameters :
'Web Element located by : 'No information' , Option Text : 'Pennsylvania' , Timeout : '5''.
		Evidence saved at: C:\sofka\framework\SofkaFrameworkWebTests\src\main\resources\evidence\carritoDeCompras_2022-03-31T00-11\carritoDeCompras\comprarUnArticulo . Image name: comprarUnArticulo-13.png
2022-mar-31 00:12:34 [Test] COMPLETED : Action 'sendText' executed successfully with parameters :
'Web Element located by : 'No information' , Text : '67217' , Timeout : '5''.
		Evidence saved at: C:\sofka\framework\SofkaFrameworkWebTests\src\main\resources\evidence\carritoDeCompras_2022-03-31T00-11\carritoDeCompras\comprarUnArticulo . Image name: comprarUnArticulo-14.png
2022-mar-31 00:12:35 [Test] COMPLETED : Action 'sendText' executed successfully with parameters :
'Web Element located by : 'No information' , Text : '3490685392' , Timeout : '5''.
		Evidence saved at: C:\sofka\framework\SofkaFrameworkWebTests\src\main\resources\evidence\carritoDeCompras_2022-03-31T00-11\carritoDeCompras\comprarUnArticulo . Image name: comprarUnArticulo-15.png
2022-mar-31 00:12:38 [Test] COMPLETED : Action 'click' executed successfully with parameters :
'Web Element located by : 'No information' , Timeout : '5''.
		Evidence saved at: C:\sofka\framework\SofkaFrameworkWebTests\src\main\resources\evidence\carritoDeCompras_2022-03-31T00-11\carritoDeCompras\comprarUnArticulo . Image name: comprarUnArticulo-16.png
2022-mar-31 00:12:41 [Test] COMPLETED : Action 'click' executed successfully with parameters :
'Web Element located by : 'No information' , Timeout : '10''.
		Evidence saved at: C:\sofka\framework\SofkaFrameworkWebTests\src\main\resources\evidence\carritoDeCompras_2022-03-31T00-11\carritoDeCompras\comprarUnArticulo . Image name: comprarUnArticulo-17.png
2022-mar-31 00:12:41 [Test] COMPLETED : Action 'moveTo' executed successfully with parameters :
'Web Element located by : 'No information' , Timeout : '10''.
		Evidence saved at: C:\sofka\framework\SofkaFrameworkWebTests\src\main\resources\evidence\carritoDeCompras_2022-03-31T00-11\carritoDeCompras\comprarUnArticulo . Image name: comprarUnArticulo-18.png
2022-mar-31 00:12:42 [Test] COMPLETED : Action 'click' executed successfully with parameters :
'Web Element located by : 'No information' , Timeout : '10''.
		Evidence saved at: C:\sofka\framework\SofkaFrameworkWebTests\src\main\resources\evidence\carritoDeCompras_2022-03-31T00-11\carritoDeCompras\comprarUnArticulo . Image name: comprarUnArticulo-19.png
2022-mar-31 00:12:43 [Test] COMPLETED : Action 'moveTo' executed successfully with parameters :
'Web Element located by : 'No information' , Timeout : '10''.
		Evidence saved at: C:\sofka\framework\SofkaFrameworkWebTests\src\main\resources\evidence\carritoDeCompras_2022-03-31T00-11\carritoDeCompras\comprarUnArticulo . Image name: comprarUnArticulo-20.png
2022-mar-31 00:12:43 [Test] COMPLETED : Action 'clickNotVisible' executed successfully with parameters :
'Web Element located by : 'No information' , Timeout : '10''.
		Evidence saved at: C:\sofka\framework\SofkaFrameworkWebTests\src\main\resources\evidence\carritoDeCompras_2022-03-31T00-11\carritoDeCompras\comprarUnArticulo . Image name: comprarUnArticulo-21.png
2022-mar-31 00:12:44 [Test] FAILED : Ocurrio un error al intentar abrir la pagina DRESSES
>> Failure:
co.com.sofka.test.exceptions.WebActionsException: Action 'moveTo' execution failed with parameters :
'Web Element located by : 'No information' , Timeout : '10''.
		Evidence saved at: C:\sofka\framework\SofkaFrameworkWebTests\src\main\resources\evidence\carritoDeCompras_2022-03-31T00-11\carritoDeCompras\comprarUnArticulo . Image name: comprarUnArticulo-23.png
	at co.com.sofka.test.actions.WebAction.moveTo(WebAction.java:619)
	at co.com.automationpractice.webproject.test.controllers.addtocart.DressPageController.seleccionarUnProducto(DressPageController.java:25)
	at co.com.automationpractice.webproject.test.stepdefinition.CompraDeProductosStepsDefinition.elClienteIngresaALaSeccionDeVestidosYSeleccionaUnArticuloParaComprar(CompraDeProductosStepsDefinition.java:49)
	at sun.reflect.NativeMethodAccessorImpl.invoke0(Native Method)
	at sun.reflect.NativeMethodAccessorImpl.invoke(NativeMethodAccessorImpl.java:62)
	at sun.reflect.DelegatingMethodAccessorImpl.invoke(DelegatingMethodAccessorImpl.java:43)
	at java.lang.reflect.Method.invoke(Method.java:498)
	at io.cucumber.java.Invoker.doInvoke(Invoker.java:66)
	at io.cucumber.java.Invoker.invoke(Invoker.java:24)
	at io.cucumber.java.AbstractGlueDefinition.invokeMethod(AbstractGlueDefinition.java:47)
	at io.cucumber.java.JavaStepDefinition.execute(JavaStepDefinition.java:29)
	at io.cucumber.core.runner.CoreStepDefinition.execute(CoreStepDefinition.java:66)
	at io.cucumber.core.runner.PickleStepDefinitionMatch.runStep(PickleStepDefinitionMatch.java:63)
	at io.cucumber.core.runner.ExecutionMode$1.execute(ExecutionMode.java:10)
	at io.cucumber.core.runner.TestStep.executeStep(TestStep.java:86)
	at io.cucumber.core.runner.TestStep.run(TestStep.java:57)
	at io.cucumber.core.runner.PickleStepTestStep.run(PickleStepTestStep.java:51)
	at io.cucumber.core.runner.TestCase.run(TestCase.java:95)
	at io.cucumber.core.runner.Runner.runPickle(Runner.java:75)
	at io.cucumber.junit.PickleRunners$NoStepDescriptions.lambda$run$0(PickleRunners.java:151)
	at io.cucumber.core.runtime.CucumberExecutionContext.lambda$runTestCase$3(CucumberExecutionContext.java:110)
	at io.cucumber.core.runtime.RethrowingThrowableCollector.executeAndThrow(RethrowingThrowableCollector.java:23)
	at io.cucumber.core.runtime.CucumberExecutionContext.runTestCase(CucumberExecutionContext.java:110)
	at io.cucumber.junit.PickleRunners$NoStepDescriptions.run(PickleRunners.java:148)
	at io.cucumber.junit.FeatureRunner.runChild(FeatureRunner.java:144)
	at io.cucumber.junit.FeatureRunner.runChild(FeatureRunner.java:28)
	at org.junit.runners.ParentRunner$4.run(ParentRunner.java:331)
	at org.junit.runners.ParentRunner$1.schedule(ParentRunner.java:79)
	at org.junit.runners.ParentRunner.runChildren(ParentRunner.java:329)
	at org.junit.runners.ParentRunner.access$100(ParentRunner.java:66)
	at org.junit.runners.ParentRunner$2.evaluate(ParentRunner.java:293)
	at org.junit.runners.ParentRunner$3.evaluate(ParentRunner.java:306)
	at org.junit.runners.ParentRunner.run(ParentRunner.java:413)
	at io.cucumber.junit.FeatureRunner.run(FeatureRunner.java:137)
	at io.cucumber.junit.Cucumber.runChild(Cucumber.java:196)
	at io.cucumber.junit.Cucumber.runChild(Cucumber.java:89)
	at org.junit.runners.ParentRunner$4.run(ParentRunner.java:331)
	at org.junit.runners.ParentRunner$1.schedule(ParentRunner.java:79)
	at org.junit.runners.ParentRunner.runChildren(ParentRunner.java:329)
	at org.junit.runners.ParentRunner.access$100(ParentRunner.java:66)
	at org.junit.runners.ParentRunner$2.evaluate(ParentRunner.java:293)
	at io.cucumber.junit.Cucumber$RunBeforeAllHooks.evaluate(Cucumber.java:266)
	at io.cucumber.junit.Cucumber$RunAfterAllHooks.evaluate(Cucumber.java:281)
	at io.cucumber.junit.Cucumber$StartTestRun.evaluate(Cucumber.java:233)
	at io.cucumber.junit.Cucumber$FinishTestRun.evaluate(Cucumber.java:248)
	at org.junit.runners.ParentRunner$3.evaluate(ParentRunner.java:306)
	at org.junit.runners.ParentRunner.run(ParentRunner.java:413)
	at org.junit.runner.JUnitCore.run(JUnitCore.java:137)
	at com.intellij.junit4.JUnit4IdeaTestRunner.startRunnerWithArgs(JUnit4IdeaTestRunner.java:69)
	at com.intellij.rt.junit.IdeaTestRunner$Repeater$1.execute(IdeaTestRunner.java:38)
	at com.intellij.rt.execution.junit.TestsRepeater.repeat(TestsRepeater.java:11)
	at com.intellij.rt.junit.IdeaTestRunner$Repeater.startRunnerWithArgs(IdeaTestRunner.java:35)
	at com.intellij.rt.junit.JUnitStarter.prepareStreamsAndStart(JUnitStarter.java:235)
	at com.intellij.rt.junit.JUnitStarter.main(JUnitStarter.java:54)
Caused by: org.openqa.selenium.ElementNotInteractableException: element not interactable: [object HTMLSpanElement] has no size and location
  (Session info: chrome=100.0.4896.60)
Build info: version: '3.141.59', revision: 'e82be7d358', time: '2018-11-14T08:17:03'
System info: host: 'DESKTOP-LIG7IFI', ip: '192.168.18.6', os.name: 'Windows 10', os.arch: 'amd64', os.version: '10.0', java.version: '1.8.0_321'
Driver info: org.openqa.selenium.chrome.ChromeDriver
Capabilities {acceptInsecureCerts: false, browserName: chrome, browserVersion: 100.0.4896.60, chrome: {chromedriverVersion: 100.0.4896.60 (6a5d10861ce8..., userDataDir: C:\Users\ADMINI~1\AppData\L...}, goog:chromeOptions: {debuggerAddress: localhost:63753}, javascriptEnabled: true, networkConnectionEnabled: false, pageLoadStrategy: normal, platform: WINDOWS, platformName: WINDOWS, proxy: Proxy(), setWindowRect: true, strictFileInteractability: false, timeouts: {implicit: 0, pageLoad: 300000, script: 30000}, unhandledPromptBehavior: dismiss and notify, webauthn:extension:credBlob: true, webauthn:extension:largeBlob: true, webauthn:virtualAuthenticators: true}
Session ID: 4c5ccf08322b5ec53c055f7c1dfd1ebe
	at sun.reflect.NativeConstructorAccessorImpl.newInstance0(Native Method)
	at sun.reflect.NativeConstructorAccessorImpl.newInstance(NativeConstructorAccessorImpl.java:62)
	at sun.reflect.DelegatingConstructorAccessorImpl.newInstance(DelegatingConstructorAccessorImpl.java:45)
	at java.lang.reflect.Constructor.newInstance(Constructor.java:423)
	at org.openqa.selenium.remote.http.W3CHttpResponseCodec.createException(W3CHttpResponseCodec.java:187)
	at org.openqa.selenium.remote.http.W3CHttpResponseCodec.decode(W3CHttpResponseCodec.java:122)
	at org.openqa.selenium.remote.http.W3CHttpResponseCodec.decode(W3CHttpResponseCodec.java:49)
	at org.openqa.selenium.remote.HttpCommandExecutor.execute(HttpCommandExecutor.java:158)
	at org.openqa.selenium.remote.service.DriverCommandExecutor.execute(DriverCommandExecutor.java:83)
	at org.openqa.selenium.remote.RemoteWebDriver.execute(RemoteWebDriver.java:552)
	at org.openqa.selenium.remote.RemoteWebDriver.perform(RemoteWebDriver.java:618)
	at org.openqa.selenium.interactions.Actions$BuiltAction.perform(Actions.java:639)
	at org.openqa.selenium.interactions.Actions.perform(Actions.java:595)
	at co.com.sofka.test.actions.WebAction.moveTo(WebAction.java:607)
	... 53 more

2022-mar-31 00:12:44 [Test] INFO  : ***** HA FINALIZADO LA PRUEBA *****carritoDeCompras-comprarUnArticulo
